ISim log file
Running: C:\Users\152\CS-M152-A\lab2_new\tb_isim_beh.exe -intstyle ise -gui -tclbatch isim.cmd -wdb C:/Users/152/CS-M152-A/lab2_new/tb_isim_beh.wdb 
ISim P.68d (signature 0x7708f090)
----------------------------------------------------------------------
WARNING:Security:42 - Your software subscription period has lapsed. Your current version of Xilinx tools will continue to function, but you no longer qualify for Xilinx software updates or new releases.


----------------------------------------------------------------------
This is a Full version of ISim.
Time resolution is 1 ps
# onerror resume
# wave add /
# run 1000 ns
Simulator is doing circuit initialization process.
Finished circuit initialization process.
         5 ... led output changed to        00000000
# run all
   1501000 ... Running instruction        00000000
   5243925 ... instruction        00000000 executed
   5243925 ... led output changed to        00000001
   6001000 ... Running instruction        11000000
   9176085 ... instruction        11000000 executed
   9176085 ... led output changed to        00000010
   9184615 UART0 Received byte 52 (R)
   9195635 UART0 Received byte 30 (0)
   9206655 UART0 Received byte 3a (:)
   9217675 UART0 Received byte 30 (0)
   9228695 UART0 Received byte 30 (0)
   9239715 UART0 Received byte 30 (0)
   9250735 UART0 Received byte 30 (0)
   9261755 UART0 Received byte 0a (
)
   9272775 UART0 Received byte 0d (
)
  10501000 ... Running instruction        00010001
  14418965 ... instruction        00010001 executed
  14418965 ... led output changed to        00000011
  15001000 ... Running instruction        11010000
  18351125 ... instruction        11010000 executed
  18351125 ... led output changed to        00000100
  18359655 UART0 Received byte 52 (R)
  18370675 UART0 Received byte 31 (1)
  18381695 UART0 Received byte 3a (:)
  18392715 UART0 Received byte 30 (0)
  18403735 UART0 Received byte 30 (0)
  18414755 UART0 Received byte 30 (0)
  18425775 UART0 Received byte 31 (1)
  18436795 UART0 Received byte 0a (
)
  18447815 UART0 Received byte 0d (
)
  19501000 ... Running instruction        01000100
  23594005 ... instruction        01000100 executed
  23594005 ... led output changed to        00000101
  24001000 ... Running instruction        11000000
  27526165 ... instruction        11000000 executed
  27526165 ... led output changed to        00000110
  27534695 UART0 Received byte 52 (R)
  27545715 UART0 Received byte 30 (0)
  27556735 UART0 Received byte 3a (:)
  27567755 UART0 Received byte 30 (0)
  27578775 UART0 Received byte 30 (0)
  27589795 UART0 Received byte 30 (0)
  27600815 UART0 Received byte 31 (1)
  27611835 UART0 Received byte 0a (
)
  27622855 UART0 Received byte 0d (
)
  28501000 ... Running instruction        01000101
  31458325 ... instruction        01000101 executed
  31458325 ... led output changed to        00000111
  33001000 ... Running instruction        11010000
  36701205 ... instruction        11010000 executed
  36701205 ... led output changed to        00001000
  36709735 UART0 Received byte 52 (R)
  36720755 UART0 Received byte 31 (1)
  36731775 UART0 Received byte 3a (:)
  36742795 UART0 Received byte 30 (0)
  36753815 UART0 Received byte 30 (0)
  36764835 UART0 Received byte 30 (0)
  36775855 UART0 Received byte 32 (2)
  36786875 UART0 Received byte 0a (
)
  36797895 UART0 Received byte 0d (
)
  37501000 ... Running instruction        01000100
  40633365 ... instruction        01000100 executed
  40633365 ... led output changed to        00001001
  42001000 ... Running instruction        11000000
  45876245 ... instruction        11000000 executed
  45876245 ... led output changed to        00001010
  45884775 UART0 Received byte 52 (R)
  45895795 UART0 Received byte 30 (0)
  45906815 UART0 Received byte 3a (:)
  45917835 UART0 Received byte 30 (0)
  45928855 UART0 Received byte 30 (0)
  45939875 UART0 Received byte 30 (0)
  45950895 UART0 Received byte 33 (3)
  45961915 UART0 Received byte 0a (
)
  45972935 UART0 Received byte 0d (
)
  46501000 ... Running instruction        01000101
  49808405 ... instruction        01000101 executed
  49808405 ... led output changed to        00001011
  51001000 ... Running instruction        11010000
  55051285 ... instruction        11010000 executed
  55051285 ... led output changed to        00001100
  55059815 UART0 Received byte 52 (R)
  55070835 UART0 Received byte 31 (1)
  55081855 UART0 Received byte 3a (:)
  55092875 UART0 Received byte 30 (0)
  55103895 UART0 Received byte 30 (0)
  55114915 UART0 Received byte 30 (0)
  55125935 UART0 Received byte 35 (5)
  55136955 UART0 Received byte 0a (
)
  55147975 UART0 Received byte 0d (
)
  55501000 ... Running instruction        01000100
  58983445 ... instruction        01000100 executed
  58983445 ... led output changed to        00001101
  60001000 ... Running instruction        11000000
  62915605 ... instruction        11000000 executed
  62915605 ... led output changed to        00001110
  62924135 UART0 Received byte 52 (R)
  62935155 UART0 Received byte 30 (0)
  62946175 UART0 Received byte 3a (:)
  62957195 UART0 Received byte 30 (0)
  62968215 UART0 Received byte 30 (0)
  62979235 UART0 Received byte 30 (0)
  62990255 UART0 Received byte 38 (8)
  63001275 UART0 Received byte 0a (
)
  63012295 UART0 Received byte 0d (
)
  64501000 ... Running instruction        01000101
  68158485 ... instruction        01000101 executed
  68158485 ... led output changed to        00001111
  69001000 ... Running instruction        11010000
  72090645 ... instruction        11010000 executed
  72090645 ... led output changed to        00010000
  72099175 UART0 Received byte 52 (R)
  72110195 UART0 Received byte 31 (1)
  72121215 UART0 Received byte 3a (:)
  72132235 UART0 Received byte 30 (0)
  72143255 UART0 Received byte 30 (0)
  72154275 UART0 Received byte 30 (0)
  72165295 UART0 Received byte 44 (D)
  72176315 UART0 Received byte 0a (
)
  72187335 UART0 Received byte 0d (
)
  73501000 ... Running instruction        01000100
  77333525 ... instruction        01000100 executed
  77333525 ... led output changed to        00010001
  78001000 ... Running instruction        11000000
  81265685 ... instruction        11000000 executed
  81265685 ... led output changed to        00010010
  81274215 UART0 Received byte 52 (R)
  81285235 UART0 Received byte 30 (0)
  81296255 UART0 Received byte 3a (:)
  81307275 UART0 Received byte 30 (0)
  81318295 UART0 Received byte 30 (0)
  81329315 UART0 Received byte 31 (1)
  81340335 UART0 Received byte 35 (5)
  81351355 UART0 Received byte 0a (
)
  81362375 UART0 Received byte 0d (
)
  82501000 ... Running instruction        01000101
  86508565 ... instruction        01000101 executed
  86508565 ... led output changed to        00010011
  87001000 ... Running instruction        11010000
  90440725 ... instruction        11010000 executed
  90440725 ... led output changed to        00010100
  90449255 UART0 Received byte 52 (R)
  90460275 UART0 Received byte 31 (1)
  90471295 UART0 Received byte 3a (:)
  90482315 UART0 Received byte 30 (0)
  90493335 UART0 Received byte 30 (0)
  90504355 UART0 Received byte 32 (2)
  90515375 UART0 Received byte 32 (2)
  90526395 UART0 Received byte 0a (
)
  90537415 UART0 Received byte 0d (
)
Stopped at time : 91501 us : File "C:/Users/152/CS-M152-A/lab2_new/tb.v" Line 35
