Release 14.6 - xst P.68d (nt)
Copyright (c) 1995-2013 Xilinx, Inc.  All rights reserved.
--> Parameter TMPDIR set to xst/projnav.tmp


Total REAL time to Xst completion: 0.00 secs
Total CPU time to Xst completion: 0.07 secs
 
--> Parameter xsthdpdir set to xst


Total REAL time to Xst completion: 0.00 secs
Total CPU time to Xst completion: 0.07 secs
 
--> Reading design: nexys3.prj

TABLE OF CONTENTS
  1) Synthesis Options Summary
  2) HDL Parsing
  3) HDL Elaboration
  4) HDL Synthesis
       4.1) HDL Synthesis Report
  5) Advanced HDL Synthesis
       5.1) Advanced HDL Synthesis Report
  6) Low Level Synthesis
  7) Partition Report
  8) Design Summary
       8.1) Primitive and Black Box Usage
       8.2) Device utilization summary
       8.3) Partition Resource Summary
       8.4) Timing Report
            8.4.1) Clock Information
            8.4.2) Asynchronous Control Signals Information
            8.4.3) Timing Summary
            8.4.4) Timing Details
            8.4.5) Cross Clock Domains Report


=========================================================================
*                      Synthesis Options Summary                        *
=========================================================================
---- Source Parameters
Input File Name                    : "nexys3.prj"
Ignore Synthesis Constraint File   : NO

---- Target Parameters
Output File Name                   : "nexys3"
Output Format                      : NGC
Target Device                      : xc7a100t-3-csg324

---- Source Options
Top Module Name                    : nexys3
Automatic FSM Extraction           : YES
FSM Encoding Algorithm             : Auto
Safe Implementation                : No
FSM Style                          : LUT
RAM Extraction                     : Yes
RAM Style                          : Auto
ROM Extraction                     : Yes
Shift Register Extraction          : YES
ROM Style                          : Auto
Resource Sharing                   : YES
Asynchronous To Synchronous        : NO
Shift Register Minimum Size        : 2
Use DSP Block                      : Auto
Automatic Register Balancing       : No

---- Target Options
LUT Combining                      : Auto
Reduce Control Sets                : Auto
Add IO Buffers                     : YES
Global Maximum Fanout              : 100000
Add Generic Clock Buffer(BUFG)     : 32
Register Duplication               : YES
Optimize Instantiated Primitives   : NO
Use Clock Enable                   : Auto
Use Synchronous Set                : Auto
Use Synchronous Reset              : Auto
Pack IO Registers into IOBs        : Auto
Equivalent register Removal        : YES

---- General Options
Optimization Goal                  : Speed
Optimization Effort                : 1
Power Reduction                    : NO
Keep Hierarchy                     : No
Netlist Hierarchy                  : As_Optimized
RTL Output                         : Yes
Global Optimization                : AllClockNets
Read Cores                         : YES
Write Timing Constraints           : NO
Cross Clock Analysis               : NO
Hierarchy Separator                : /
Bus Delimiter                      : <>
Case Specifier                     : Maintain
Slice Utilization Ratio            : 100
BRAM Utilization Ratio             : 100
DSP48 Utilization Ratio            : 100
Auto BRAM Packing                  : NO
Slice Utilization Ratio Delta      : 5

=========================================================================


=========================================================================
*                          HDL Parsing                                  *
=========================================================================
Analyzing Verilog file "C:\Users\Everett Sheu\Desktop\CS M152A\lab2_new\seq_multi.v" into library work
Parsing module <seq_multi>.
Parsing verilog file "seq_definitions.v" included at line 28.
Analyzing Verilog file "C:\Users\Everett Sheu\Desktop\CS M152A\lab2_new\seq_add.v" into library work
Parsing module <seq_add>.
Parsing verilog file "seq_definitions.v" included at line 8.
Analyzing Verilog file "C:\Users\Everett Sheu\Desktop\CS M152A\lab2_new\uart_fifo.v" into library work
Parsing module <uart_fifo>.
Analyzing Verilog file "C:\Users\Everett Sheu\Desktop\CS M152A\lab2_new\uart.v" into library work
Parsing module <uart>.
Analyzing Verilog file "C:\Users\Everett Sheu\Desktop\CS M152A\lab2_new\seq_rf.v" into library work
Parsing module <seq_rf>.
Parsing verilog file "seq_definitions.v" included at line 8.
Analyzing Verilog file "C:\Users\Everett Sheu\Desktop\CS M152A\lab2_new\seq_alu.v" into library work
Parsing module <seq_alu>.
Parsing verilog file "seq_definitions.v" included at line 7.
Analyzing Verilog file "C:\Users\Everett Sheu\Desktop\CS M152A\lab2_new\uart_top.v" into library work
Parsing module <uart_top>.
Parsing verilog file "seq_definitions.v" included at line 8.
Analyzing Verilog file "C:\Users\Everett Sheu\Desktop\CS M152A\lab2_new\seq.v" into library work
Parsing module <seq>.
Parsing verilog file "seq_definitions.v" included at line 8.
Analyzing Verilog file "C:\Users\Everett Sheu\Desktop\CS M152A\lab2_new\nexys3.v" into library work
Parsing module <nexys3>.
Parsing verilog file "seq_definitions.v" included at line 8.

=========================================================================
*                            HDL Elaboration                            *
=========================================================================

Elaborating module <nexys3>.
WARNING:HDLCompiler:413 - "C:\Users\Everett Sheu\Desktop\CS M152A\lab2_new\nexys3.v" Line 111: Result of 9-bit expression is truncated to fit in 8-bit target.

Elaborating module <seq>.

Elaborating module <seq_rf>.

Elaborating module <seq_alu>.
WARNING:HDLCompiler:413 - "C:\Users\Everett Sheu\Desktop\CS M152A\lab2_new\seq_alu.v" Line 31: Result of 20-bit expression is truncated to fit in 16-bit target.

Elaborating module <seq_add>.

Elaborating module <seq_multi>.
WARNING:HDLCompiler:189 - "C:\Users\Everett Sheu\Desktop\CS M152A\lab2_new\seq_alu.v" Line 57: Size mismatch in connection of port <o_data>. Formal port size is 16-bit while actual signal size is 1-bit.
WARNING:HDLCompiler:1127 - "C:\Users\Everett Sheu\Desktop\CS M152A\lab2_new\seq_alu.v" Line 57: Assignment to multi_data ignored, since the identifier is never used
WARNING:HDLCompiler:1127 - "C:\Users\Everett Sheu\Desktop\CS M152A\lab2_new\seq_alu.v" Line 58: Assignment to multi_valid ignored, since the identifier is never used
WARNING:HDLCompiler:634 - "C:\Users\Everett Sheu\Desktop\CS M152A\lab2_new\seq_alu.v" Line 26: Net <mult_data[15]> does not have a driver.
WARNING:HDLCompiler:634 - "C:\Users\Everett Sheu\Desktop\CS M152A\lab2_new\seq_alu.v" Line 27: Net <mult_valid> does not have a driver.

Elaborating module <uart_top>.
WARNING:HDLCompiler:413 - "C:\Users\Everett Sheu\Desktop\CS M152A\lab2_new\uart_top.v" Line 60: Result of 4-bit expression is truncated to fit in 3-bit target.
WARNING:HDLCompiler:413 - "C:\Users\Everett Sheu\Desktop\CS M152A\lab2_new\uart_top.v" Line 61: Result of 20-bit expression is truncated to fit in 16-bit target.

Elaborating module <uart_fifo>.
WARNING:HDLCompiler:413 - "C:\Users\Everett Sheu\Desktop\CS M152A\lab2_new\uart_fifo.v" Line 55: Result of 11-bit expression is truncated to fit in 10-bit target.
WARNING:HDLCompiler:413 - "C:\Users\Everett Sheu\Desktop\CS M152A\lab2_new\uart_fifo.v" Line 61: Result of 32-bit expression is truncated to fit in 10-bit target.

Elaborating module <uart>.
WARNING:HDLCompiler:413 - "C:\Users\Everett Sheu\Desktop\CS M152A\lab2_new\uart.v" Line 90: Result of 32-bit expression is truncated to fit in 11-bit target.
WARNING:HDLCompiler:413 - "C:\Users\Everett Sheu\Desktop\CS M152A\lab2_new\uart.v" Line 93: Result of 32-bit expression is truncated to fit in 6-bit target.
WARNING:HDLCompiler:413 - "C:\Users\Everett Sheu\Desktop\CS M152A\lab2_new\uart.v" Line 95: Result of 32-bit expression is truncated to fit in 11-bit target.
WARNING:HDLCompiler:413 - "C:\Users\Everett Sheu\Desktop\CS M152A\lab2_new\uart.v" Line 98: Result of 32-bit expression is truncated to fit in 6-bit target.
WARNING:HDLCompiler:413 - "C:\Users\Everett Sheu\Desktop\CS M152A\lab2_new\uart.v" Line 138: Result of 32-bit expression is truncated to fit in 4-bit target.
WARNING:HDLCompiler:413 - "C:\Users\Everett Sheu\Desktop\CS M152A\lab2_new\uart.v" Line 139: Result of 32-bit expression is truncated to fit in 3-bit target.
WARNING:HDLCompiler:413 - "C:\Users\Everett Sheu\Desktop\CS M152A\lab2_new\uart.v" Line 147: Result of 32-bit expression is truncated to fit in 3-bit target.
WARNING:HDLCompiler:413 - "C:\Users\Everett Sheu\Desktop\CS M152A\lab2_new\uart.v" Line 153: Result of 32-bit expression is truncated to fit in 3-bit target.
WARNING:HDLCompiler:413 - "C:\Users\Everett Sheu\Desktop\CS M152A\lab2_new\uart.v" Line 192: Result of 32-bit expression is truncated to fit in 4-bit target.
WARNING:HDLCompiler:413 - "C:\Users\Everett Sheu\Desktop\CS M152A\lab2_new\uart.v" Line 209: Result of 32-bit expression is truncated to fit in 2-bit target.
WARNING:HDLCompiler:1127 - "C:\Users\Everett Sheu\Desktop\CS M152A\lab2_new\nexys3.v" Line 138: Assignment to uart_rx_data ignored, since the identifier is never used
WARNING:HDLCompiler:1127 - "C:\Users\Everett Sheu\Desktop\CS M152A\lab2_new\nexys3.v" Line 139: Assignment to uart_rx_valid ignored, since the identifier is never used
WARNING:Xst:2972 - "C:\Users\Everett Sheu\Desktop\CS M152A\lab2_new\seq_alu.v" line 56. All outputs of instance <multi_> of block <seq_multi> are unconnected in block <seq_alu>. Underlying logic will be removed.

=========================================================================
*                           HDL Synthesis                               *
=========================================================================

Synthesizing Unit <nexys3>.
    Related source file is "C:\Users\Everett Sheu\Desktop\CS M152A\lab2_new\nexys3.v".
        seq_in_width = 8
        seq_op_width = 2
        seq_rn_width = 2
        seq_num_regs = 4
        seq_im_width = 4
        seq_op_push = 2'b00
        seq_op_add = 2'b01
        seq_op_mult = 2'b10
        seq_op_send = 2'b11
        seq_dp_width = 16
        seq_rf_width = 16
        alu_width = 16
        uart_num_nib = 4
INFO:Xst:3210 - "C:\Users\Everett Sheu\Desktop\CS M152A\lab2_new\nexys3.v" line 135: Output port <o_rx_data> of the instance <uart_top_> is unconnected or connected to loadless signal.
INFO:Xst:3210 - "C:\Users\Everett Sheu\Desktop\CS M152A\lab2_new\nexys3.v" line 135: Output port <o_rx_valid> of the instance <uart_top_> is unconnected or connected to loadless signal.
    Found 2-bit register for signal <arst_ff>.
    Found 17-bit register for signal <clk_dv>.
    Found 1-bit register for signal <clk_en>.
    Found 1-bit register for signal <clk_en_d>.
    Found 8-bit register for signal <inst_wd>.
    Found 3-bit register for signal <step_d>.
    Found 1-bit register for signal <inst_vld>.
    Found 8-bit register for signal <led>.
    Found 18-bit adder for signal <n0047> created at line 64.
    Found 8-bit adder for signal <inst_cnt[7]_GND_1_o_add_14_OUT> created at line 111.
    Summary:
	inferred   2 Adder/Subtractor(s).
	inferred  41 D-type flip-flop(s).
Unit <nexys3> synthesized.

Synthesizing Unit <seq>.
    Related source file is "C:\Users\Everett Sheu\Desktop\CS M152A\lab2_new\seq.v".
        seq_in_width = 8
        seq_op_width = 2
        seq_rn_width = 2
        seq_num_regs = 4
        seq_im_width = 4
        seq_op_push = 2'b00
        seq_op_add = 2'b01
        seq_op_mult = 2'b10
        seq_op_send = 2'b11
        seq_dp_width = 16
        seq_rf_width = 16
        alu_width = 16
        uart_num_nib = 4
    Summary:
	inferred   1 Multiplexer(s).
Unit <seq> synthesized.

Synthesizing Unit <seq_rf>.
    Related source file is "C:\Users\Everett Sheu\Desktop\CS M152A\lab2_new\seq_rf.v".
        seq_in_width = 8
        seq_op_width = 2
        seq_rn_width = 2
        seq_num_regs = 4
        seq_im_width = 4
        seq_op_push = 2'b00
        seq_op_add = 2'b01
        seq_op_mult = 2'b10
        seq_op_send = 2'b11
        seq_dp_width = 16
        seq_rf_width = 16
        alu_width = 16
        uart_num_nib = 4
    Found 64-bit register for signal <n0016[63:0]>.
    Found 16-bit 4-to-1 multiplexer for signal <o_data_a> created at line 35.
    Found 16-bit 4-to-1 multiplexer for signal <o_data_b> created at line 36.
    Summary:
	inferred  64 D-type flip-flop(s).
	inferred   6 Multiplexer(s).
Unit <seq_rf> synthesized.

Synthesizing Unit <seq_alu>.
    Related source file is "C:\Users\Everett Sheu\Desktop\CS M152A\lab2_new\seq_alu.v".
        seq_in_width = 8
        seq_op_width = 2
        seq_rn_width = 2
        seq_num_regs = 4
        seq_im_width = 4
        seq_op_push = 2'b00
        seq_op_add = 2'b01
        seq_op_mult = 2'b10
        seq_op_send = 2'b11
        seq_dp_width = 16
        seq_rf_width = 16
        alu_width = 16
        uart_num_nib = 4
INFO:Xst:3210 - "C:\Users\Everett Sheu\Desktop\CS M152A\lab2_new\seq_alu.v" line 56: Output port <o_data> of the instance <multi_> is unconnected or connected to loadless signal.
INFO:Xst:3210 - "C:\Users\Everett Sheu\Desktop\CS M152A\lab2_new\seq_alu.v" line 56: Output port <o_valid> of the instance <multi_> is unconnected or connected to loadless signal.
WARNING:Xst:653 - Signal <mult_data> is used but never assigned. This sourceless signal will be automatically connected to value GND.
WARNING:Xst:653 - Signal <mult_valid> is used but never assigned. This sourceless signal will be automatically connected to value GND.
    Found 16-bit 4-to-1 multiplexer for signal <o_data> created at line 30.
    Found 1-bit 4-to-1 multiplexer for signal <o_valid> created at line 38.
    Summary:
	inferred   2 Multiplexer(s).
Unit <seq_alu> synthesized.

Synthesizing Unit <seq_add>.
    Related source file is "C:\Users\Everett Sheu\Desktop\CS M152A\lab2_new\seq_add.v".
        seq_in_width = 8
        seq_op_width = 2
        seq_rn_width = 2
        seq_num_regs = 4
        seq_im_width = 4
        seq_op_push = 2'b00
        seq_op_add = 2'b01
        seq_op_mult = 2'b10
        seq_op_send = 2'b11
        seq_dp_width = 16
        seq_rf_width = 16
        alu_width = 16
        uart_num_nib = 4
WARNING:Xst:647 - Input <clk> is never used. This port will be preserved and left unconnected if it belongs to a top-level block or it belongs to a sub-block and the hierarchy of this sub-block is preserved.
WARNING:Xst:647 - Input <rst> is never used. This port will be preserved and left unconnected if it belongs to a top-level block or it belongs to a sub-block and the hierarchy of this sub-block is preserved.
    Found 16-bit adder for signal <o_data> created at line 21.
    Summary:
	inferred   1 Adder/Subtractor(s).
Unit <seq_add> synthesized.

Synthesizing Unit <uart_top>.
    Related source file is "C:\Users\Everett Sheu\Desktop\CS M152A\lab2_new\uart_top.v".
        seq_in_width = 8
        seq_op_width = 2
        seq_rn_width = 2
        seq_num_regs = 4
        seq_im_width = 4
        seq_op_push = 2'b00
        seq_op_add = 2'b01
        seq_op_mult = 2'b10
        seq_op_send = 2'b11
        seq_dp_width = 16
        seq_rf_width = 16
        alu_width = 16
        uart_num_nib = 4
        stIdle = 0
        stNib1 = 1
        stNL = 5
        stCR = 6
INFO:Xst:3210 - "C:\Users\Everett Sheu\Desktop\CS M152A\lab2_new\uart_top.v" line 100: Output port <fifo_cnt> of the instance <tfifo_> is unconnected or connected to loadless signal.
INFO:Xst:3210 - "C:\Users\Everett Sheu\Desktop\CS M152A\lab2_new\uart_top.v" line 120: Output port <is_receiving> of the instance <uart_> is unconnected or connected to loadless signal.
INFO:Xst:3210 - "C:\Users\Everett Sheu\Desktop\CS M152A\lab2_new\uart_top.v" line 120: Output port <recv_error> of the instance <uart_> is unconnected or connected to loadless signal.
    Found 16-bit register for signal <tx_data>.
    Found 1-bit register for signal <tfifo_rd_z>.
    Found 3-bit register for signal <state>.
    Found 3-bit adder for signal <state[2]_GND_8_o_add_5_OUT> created at line 60.
    Found 16x8-bit Read Only RAM for signal <tx_data[15]_GND_8_o_wide_mux_17_OUT>
    Summary:
	inferred   1 RAM(s).
	inferred   1 Adder/Subtractor(s).
	inferred  20 D-type flip-flop(s).
	inferred   5 Multiplexer(s).
Unit <uart_top> synthesized.

Synthesizing Unit <uart_fifo>.
    Related source file is "C:\Users\Everett Sheu\Desktop\CS M152A\lab2_new\uart_fifo.v".
        size = 1024
        sizew = 10
    Set property "ram_style = block" for signal <mem>.
    Found 1024x8-bit dual-port RAM <Mram_mem> for signal <mem>.
    Found 10-bit register for signal <rp>.
    Found 10-bit register for signal <fifo_cnt>.
    Found 1-bit register for signal <fifo_full>.
    Found 1-bit register for signal <fifo_empty>.
    Found 8-bit register for signal <fifo_out>.
    Found 10-bit register for signal <wp>.
    Found 10-bit adder for signal <wp[9]_GND_9_o_add_1_OUT> created at line 50.
    Found 10-bit adder for signal <rp[9]_GND_9_o_add_2_OUT> created at line 51.
    Found 10-bit adder for signal <fifo_cnt[9]_GND_9_o_add_3_OUT> created at line 55.
    Found 10-bit subtractor for signal <GND_9_o_GND_9_o_sub_6_OUT<9:0>> created at line 61.
    Summary:
	inferred   1 RAM(s).
	inferred   4 Adder/Subtractor(s).
	inferred  40 D-type flip-flop(s).
Unit <uart_fifo> synthesized.

Synthesizing Unit <uart>.
    Related source file is "C:\Users\Everett Sheu\Desktop\CS M152A\lab2_new\uart.v".
        CLOCK_DIVIDE = 25
        RX_IDLE = 0
        RX_CHECK_START = 1
        RX_READ_BITS = 2
        RX_CHECK_STOP = 3
        RX_DELAY_RESTART = 4
        RX_ERROR = 5
        RX_RECEIVED = 6
        TX_IDLE = 0
        TX_SENDING = 1
        TX_DELAY_RESTART = 2
    Found 2-bit register for signal <tx_state>.
    Found 11-bit register for signal <rx_clk_divider>.
    Found 6-bit register for signal <rx_countdown>.
    Found 11-bit register for signal <tx_clk_divider>.
    Found 6-bit register for signal <tx_countdown>.
    Found 8-bit register for signal <rx_data>.
    Found 4-bit register for signal <rx_bits_remaining>.
    Found 4-bit register for signal <tx_bits_remaining>.
    Found 1-bit register for signal <tx_out>.
    Found 8-bit register for signal <tx_data>.
    Found 3-bit register for signal <recv_state>.
    Found 11-bit subtractor for signal <GND_10_o_GND_10_o_sub_9_OUT<10:0>> created at line 90.
    Found 6-bit subtractor for signal <GND_10_o_GND_10_o_sub_11_OUT<5:0>> created at line 93.
    Found 11-bit subtractor for signal <GND_10_o_GND_10_o_sub_14_OUT<10:0>> created at line 95.
    Found 6-bit subtractor for signal <GND_10_o_GND_10_o_sub_16_OUT<5:0>> created at line 98.
    Found 4-bit subtractor for signal <GND_10_o_GND_10_o_sub_30_OUT<3:0>> created at line 138.
    Found 4-bit subtractor for signal <GND_10_o_GND_10_o_sub_54_OUT<3:0>> created at line 192.
    Found 3-bit 8-to-1 multiplexer for signal <recv_state[2]_recv_state[2]_wide_mux_41_OUT> created at line 102.
    Found 6-bit 7-to-1 multiplexer for signal <recv_state[2]_rx_countdown[5]_wide_mux_42_OUT> created at line 102.
    Found 2-bit 4-to-1 multiplexer for signal <tx_state[1]_tx_state[1]_wide_mux_64_OUT> created at line 173.
    Found 6-bit 3-to-1 multiplexer for signal <tx_state[1]_tx_countdown[5]_wide_mux_68_OUT> created at line 173.
    Summary:
	inferred   6 Adder/Subtractor(s).
	inferred  64 D-type flip-flop(s).
	inferred  31 Multiplexer(s).
Unit <uart> synthesized.

=========================================================================
HDL Synthesis Report

Macro Statistics
# RAMs                                                 : 2
 1024x8-bit dual-port RAM                              : 1
 16x8-bit single-port Read Only RAM                    : 1
# Adders/Subtractors                                   : 14
 10-bit adder                                          : 3
 10-bit subtractor                                     : 1
 11-bit subtractor                                     : 2
 16-bit adder                                          : 1
 18-bit adder                                          : 1
 3-bit adder                                           : 1
 4-bit subtractor                                      : 2
 6-bit subtractor                                      : 2
 8-bit adder                                           : 1
# Registers                                            : 28
 1-bit register                                        : 6
 10-bit register                                       : 3
 11-bit register                                       : 2
 16-bit register                                       : 1
 18-bit register                                       : 1
 2-bit register                                        : 2
 3-bit register                                        : 3
 4-bit register                                        : 2
 6-bit register                                        : 2
 64-bit register                                       : 1
 8-bit register                                        : 5
# Multiplexers                                         : 45
 1-bit 2-to-1 multiplexer                              : 2
 1-bit 4-to-1 multiplexer                              : 1
 11-bit 2-to-1 multiplexer                             : 6
 16-bit 2-to-1 multiplexer                             : 6
 16-bit 4-to-1 multiplexer                             : 3
 2-bit 2-to-1 multiplexer                              : 4
 2-bit 4-to-1 multiplexer                              : 1
 3-bit 2-to-1 multiplexer                              : 8
 3-bit 8-to-1 multiplexer                              : 1
 4-bit 2-to-1 multiplexer                              : 2
 6-bit 2-to-1 multiplexer                              : 8
 6-bit 3-to-1 multiplexer                              : 1
 6-bit 7-to-1 multiplexer                              : 1
 8-bit 2-to-1 multiplexer                              : 1

=========================================================================

=========================================================================
*                       Advanced HDL Synthesis                          *
=========================================================================


Synthesizing (advanced) Unit <nexys3>.
The following registers are absorbed into counter <inst_cnt>: 1 register on signal <inst_cnt>.
Unit <nexys3> synthesized (advanced).

Synthesizing (advanced) Unit <uart>.
The following registers are absorbed into counter <tx_bits_remaining>: 1 register on signal <tx_bits_remaining>.
Unit <uart> synthesized (advanced).

Synthesizing (advanced) Unit <uart_fifo>.
The following registers are absorbed into accumulator <rp>: 1 register on signal <rp>.
The following registers are absorbed into accumulator <wp>: 1 register on signal <wp>.
INFO:Xst:3226 - The RAM <Mram_mem> will be implemented as a BLOCK RAM, absorbing the following register(s): <fifo_out>
    -----------------------------------------------------------------------
    | ram_type           | Block                               |          |
    -----------------------------------------------------------------------
    | Port A                                                              |
    |     aspect ratio   | 1024-word x 8-bit                   |          |
    |     mode           | read-first                          |          |
    |     clkA           | connected to signal <clk>           | rise     |
    |     weA            | connected to signal <wr>            | high     |
    |     addrA          | connected to signal <wp>            |          |
    |     diA            | connected to signal <fifo_in>       |          |
    -----------------------------------------------------------------------
    | optimization       | speed                               |          |
    -----------------------------------------------------------------------
    | Port B                                                              |
    |     aspect ratio   | 1024-word x 8-bit                   |          |
    |     mode           | write-first                         |          |
    |     clkB           | connected to signal <clk>           | rise     |
    |     addrB          | connected to signal <rp>            |          |
    |     doB            | connected to signal <fifo_out>      |          |
    -----------------------------------------------------------------------
    | optimization       | speed                               |          |
    -----------------------------------------------------------------------
Unit <uart_fifo> synthesized (advanced).

Synthesizing (advanced) Unit <uart_top>.
INFO:Xst:3231 - The small RAM <Mram_tx_data[15]_GND_8_o_wide_mux_17_OUT> will be implemented on LUTs in order to maximize performance and save block RAM resources. If you want to force its implementation on block, use option/constraint ram_style.
    -----------------------------------------------------------------------
    | ram_type           | Distributed                         |          |
    -----------------------------------------------------------------------
    | Port A                                                              |
    |     aspect ratio   | 16-word x 8-bit                     |          |
    |     weA            | connected to signal <GND>           | high     |
    |     addrA          | connected to signal <tx_data<15:12>> |          |
    |     diA            | connected to signal <GND>           |          |
    |     doA            | connected to internal node          |          |
    -----------------------------------------------------------------------
Unit <uart_top> synthesized (advanced).

=========================================================================
Advanced HDL Synthesis Report

Macro Statistics
# RAMs                                                 : 2
 1024x8-bit dual-port block RAM                        : 1
 16x8-bit single-port distributed Read Only RAM        : 1
# Adders/Subtractors                                   : 10
 10-bit adder                                          : 1
 10-bit subtractor                                     : 1
 11-bit subtractor                                     : 2
 16-bit adder                                          : 1
 18-bit adder                                          : 1
 3-bit adder                                           : 1
 4-bit subtractor                                      : 1
 6-bit subtractor                                      : 2
# Counters                                             : 2
 4-bit down counter                                    : 1
 8-bit up counter                                      : 1
# Accumulators                                         : 2
 10-bit up accumulator                                 : 2
# Registers                                            : 189
 Flip-Flops                                            : 189
# Multiplexers                                         : 54
 1-bit 2-to-1 multiplexer                              : 14
 1-bit 4-to-1 multiplexer                              : 1
 11-bit 2-to-1 multiplexer                             : 6
 16-bit 2-to-1 multiplexer                             : 6
 16-bit 4-to-1 multiplexer                             : 3
 2-bit 2-to-1 multiplexer                              : 4
 2-bit 4-to-1 multiplexer                              : 1
 3-bit 2-to-1 multiplexer                              : 8
 3-bit 8-to-1 multiplexer                              : 1
 4-bit 2-to-1 multiplexer                              : 1
 6-bit 2-to-1 multiplexer                              : 6
 6-bit 3-to-1 multiplexer                              : 1
 6-bit 7-to-1 multiplexer                              : 1
 8-bit 2-to-1 multiplexer                              : 1

=========================================================================

=========================================================================
*                         Low Level Synthesis                           *
=========================================================================

Optimizing unit <nexys3> ...

Optimizing unit <uart_top> ...

Optimizing unit <uart> ...

Optimizing unit <uart_fifo> ...

Optimizing unit <seq> ...

Optimizing unit <seq_rf> ...
WARNING:Xst:2677 - Node <uart_top_/uart_/rx_bits_remaining_3> of sequential type is unconnected in block <nexys3>.
WARNING:Xst:2677 - Node <uart_top_/uart_/rx_bits_remaining_2> of sequential type is unconnected in block <nexys3>.
WARNING:Xst:2677 - Node <uart_top_/uart_/rx_bits_remaining_1> of sequential type is unconnected in block <nexys3>.
WARNING:Xst:2677 - Node <uart_top_/uart_/rx_bits_remaining_0> of sequential type is unconnected in block <nexys3>.
WARNING:Xst:2677 - Node <uart_top_/uart_/rx_countdown_5> of sequential type is unconnected in block <nexys3>.
WARNING:Xst:2677 - Node <uart_top_/uart_/rx_countdown_4> of sequential type is unconnected in block <nexys3>.
WARNING:Xst:2677 - Node <uart_top_/uart_/rx_countdown_3> of sequential type is unconnected in block <nexys3>.
WARNING:Xst:2677 - Node <uart_top_/uart_/rx_countdown_2> of sequential type is unconnected in block <nexys3>.
WARNING:Xst:2677 - Node <uart_top_/uart_/rx_countdown_1> of sequential type is unconnected in block <nexys3>.
WARNING:Xst:2677 - Node <uart_top_/uart_/rx_countdown_0> of sequential type is unconnected in block <nexys3>.
WARNING:Xst:2677 - Node <uart_top_/uart_/rx_clk_divider_10> of sequential type is unconnected in block <nexys3>.
WARNING:Xst:2677 - Node <uart_top_/uart_/rx_clk_divider_9> of sequential type is unconnected in block <nexys3>.
WARNING:Xst:2677 - Node <uart_top_/uart_/rx_clk_divider_8> of sequential type is unconnected in block <nexys3>.
WARNING:Xst:2677 - Node <uart_top_/uart_/rx_clk_divider_7> of sequential type is unconnected in block <nexys3>.
WARNING:Xst:2677 - Node <uart_top_/uart_/rx_clk_divider_6> of sequential type is unconnected in block <nexys3>.
WARNING:Xst:2677 - Node <uart_top_/uart_/rx_clk_divider_5> of sequential type is unconnected in block <nexys3>.
WARNING:Xst:2677 - Node <uart_top_/uart_/rx_clk_divider_4> of sequential type is unconnected in block <nexys3>.
WARNING:Xst:2677 - Node <uart_top_/uart_/rx_clk_divider_3> of sequential type is unconnected in block <nexys3>.
WARNING:Xst:2677 - Node <uart_top_/uart_/rx_clk_divider_2> of sequential type is unconnected in block <nexys3>.
WARNING:Xst:2677 - Node <uart_top_/uart_/rx_clk_divider_1> of sequential type is unconnected in block <nexys3>.
WARNING:Xst:2677 - Node <uart_top_/uart_/rx_clk_divider_0> of sequential type is unconnected in block <nexys3>.
WARNING:Xst:2677 - Node <uart_top_/uart_/recv_state_2> of sequential type is unconnected in block <nexys3>.
WARNING:Xst:2677 - Node <uart_top_/uart_/recv_state_1> of sequential type is unconnected in block <nexys3>.
WARNING:Xst:2677 - Node <uart_top_/uart_/recv_state_0> of sequential type is unconnected in block <nexys3>.
WARNING:Xst:2677 - Node <uart_top_/uart_/rx_data_7> of sequential type is unconnected in block <nexys3>.
WARNING:Xst:2677 - Node <uart_top_/uart_/rx_data_6> of sequential type is unconnected in block <nexys3>.
WARNING:Xst:2677 - Node <uart_top_/uart_/rx_data_5> of sequential type is unconnected in block <nexys3>.
WARNING:Xst:2677 - Node <uart_top_/uart_/rx_data_4> of sequential type is unconnected in block <nexys3>.
WARNING:Xst:2677 - Node <uart_top_/uart_/rx_data_3> of sequential type is unconnected in block <nexys3>.
WARNING:Xst:2677 - Node <uart_top_/uart_/rx_data_2> of sequential type is unconnected in block <nexys3>.
WARNING:Xst:2677 - Node <uart_top_/uart_/rx_data_1> of sequential type is unconnected in block <nexys3>.
WARNING:Xst:2677 - Node <uart_top_/uart_/rx_data_0> of sequential type is unconnected in block <nexys3>.
WARNING:Xst:1293 - FF/Latch <uart_top_/uart_/tx_clk_divider_10> has a constant value of 0 in block <nexys3>. This FF/Latch will be trimmed during the optimization process.
WARNING:Xst:1896 - Due to other FF/Latch trimming, FF/Latch <uart_top_/uart_/tx_clk_divider_9> has a constant value of 0 in block <nexys3>. This FF/Latch will be trimmed during the optimization process.
WARNING:Xst:1896 - Due to other FF/Latch trimming, FF/Latch <uart_top_/uart_/tx_clk_divider_8> has a constant value of 0 in block <nexys3>. This FF/Latch will be trimmed during the optimization process.
WARNING:Xst:1896 - Due to other FF/Latch trimming, FF/Latch <uart_top_/uart_/tx_clk_divider_7> has a constant value of 0 in block <nexys3>. This FF/Latch will be trimmed during the optimization process.
WARNING:Xst:1896 - Due to other FF/Latch trimming, FF/Latch <uart_top_/uart_/tx_clk_divider_6> has a constant value of 0 in block <nexys3>. This FF/Latch will be trimmed during the optimization process.
WARNING:Xst:1896 - Due to other FF/Latch trimming, FF/Latch <uart_top_/uart_/tx_clk_divider_5> has a constant value of 0 in block <nexys3>. This FF/Latch will be trimmed during the optimization process.

Mapping all equations...
Building and optimizing final netlist ...
Found area constraint ratio of 100 (+ 5) on block nexys3, actual ratio is 0.

Final Macro Processing ...

=========================================================================
Final Register Report

Macro Statistics
# Registers                                            : 183
 Flip-Flops                                            : 183

=========================================================================

=========================================================================
*                           Partition Report                            *
=========================================================================

Partition Implementation Status
-------------------------------

  No Partitions were found in this design.

-------------------------------

=========================================================================
*                            Design Summary                             *
=========================================================================

Top Level Output File Name         : nexys3.ngc

Primitive and Black Box Usage:
------------------------------
# BELS                             : 388
#      GND                         : 1
#      INV                         : 3
#      LUT1                        : 23
#      LUT2                        : 22
#      LUT3                        : 19
#      LUT4                        : 66
#      LUT5                        : 27
#      LUT6                        : 146
#      MUXCY                       : 39
#      VCC                         : 1
#      XORCY                       : 41
# FlipFlops/Latches                : 183
#      FD                          : 15
#      FDE                         : 28
#      FDP                         : 2
#      FDR                         : 54
#      FDRE                        : 83
#      FDS                         : 1
# RAMS                             : 1
#      RAMB18E1                    : 1
# Clock Buffers                    : 1
#      BUFGP                       : 1
# IO Buffers                       : 19
#      IBUF                        : 10
#      OBUF                        : 9

Device utilization summary:
---------------------------

Selected Device : 7a100tcsg324-3 


Slice Logic Utilization: 
 Number of Slice Registers:             183  out of  126800     0%  
 Number of Slice LUTs:                  306  out of  63400     0%  
    Number used as Logic:               306  out of  63400     0%  

Slice Logic Distribution: 
 Number of LUT Flip Flop pairs used:    317
   Number with an unused Flip Flop:     134  out of    317    42%  
   Number with an unused LUT:            11  out of    317     3%  
   Number of fully used LUT-FF pairs:   172  out of    317    54%  
   Number of unique control sets:         8

IO Utilization: 
 Number of IOs:                          21
 Number of bonded IOBs:                  20  out of    210     9%  

Specific Feature Utilization:
 Number of Block RAM/FIFO:                1  out of    135     0%  
    Number using Block RAM only:          1
 Number of BUFG/BUFGCTRLs:                1  out of     32     3%  

---------------------------
Partition Resource Summary:
---------------------------

  No Partitions were found in this design.

---------------------------


=========================================================================
Timing Report

NOTE: THESE TIMING NUMBERS ARE ONLY A SYNTHESIS ESTIMATE.
      FOR ACCURATE TIMING INFORMATION PLEASE REFER TO THE TRACE REPORT
      GENERATED AFTER PLACE-and-ROUTE.

Clock Information:
------------------
-----------------------------------+------------------------+-------+
Clock Signal                       | Clock buffer(FF name)  | Load  |
-----------------------------------+------------------------+-------+
clk                                | BUFGP                  | 184   |
-----------------------------------+------------------------+-------+

Asynchronous Control Signals Information:
----------------------------------------
-------------------------------------------+--------------------------------+-------+
Control Signal                             | Buffer(FF name)                | Load  |
-------------------------------------------+--------------------------------+-------+
uart_top_/tfifo_/wr(uart_top_/tfifo_/wr1:O)| NONE(uart_top_/tfifo_/Mram_mem)| 2     |
-------------------------------------------+--------------------------------+-------+

Timing Summary:
---------------
Speed Grade: -3

   Minimum period: 3.116ns (Maximum Frequency: 320.965MHz)
   Minimum input arrival time before clock: 0.633ns
   Maximum output required time after clock: 0.645ns
   Maximum combinational path delay: No path found

Timing Details:
---------------
All values displayed in nanoseconds (ns)

=========================================================================
Timing constraint: Default period analysis for Clock 'clk'
  Clock period: 3.116ns (frequency: 320.965MHz)
  Total number of paths / destination ports: 13499 / 451
-------------------------------------------------------------------------
Delay:               3.116ns (Levels of Logic = 19)
  Source:            seq_/rf_/rf_3_48 (FF)
  Destination:       seq_/rf_/rf_3_63 (FF)
  Source Clock:      clk rising
  Destination Clock: clk rising

  Data Path: seq_/rf_/rf_3_48 to seq_/rf_/rf_3_63
                                Gate     Net
    Cell:in->out      fanout   Delay   Delay  Logical Name (Net Name)
    ----------------------------------------  ------------
     FDRE:C->Q             3   0.361   0.703  seq_/rf_/rf_3_48 (seq_/rf_/rf_3_48)
     LUT6:I0->O            5   0.097   0.398  seq_/rf_/Mmux_o_data_a11 (seq_tx_data<0>)
     LUT2:I0->O            1   0.097   0.000  seq_/alu_/add_/Madd_o_data_lut<0> (seq_/alu_/add_/Madd_o_data_lut<0>)
     MUXCY:S->O            1   0.353   0.000  seq_/alu_/add_/Madd_o_data_cy<0> (seq_/alu_/add_/Madd_o_data_cy<0>)
     MUXCY:CI->O           1   0.023   0.000  seq_/alu_/add_/Madd_o_data_cy<1> (seq_/alu_/add_/Madd_o_data_cy<1>)
     MUXCY:CI->O           1   0.023   0.000  seq_/alu_/add_/Madd_o_data_cy<2> (seq_/alu_/add_/Madd_o_data_cy<2>)
     MUXCY:CI->O           1   0.023   0.000  seq_/alu_/add_/Madd_o_data_cy<3> (seq_/alu_/add_/Madd_o_data_cy<3>)
     MUXCY:CI->O           1   0.023   0.000  seq_/alu_/add_/Madd_o_data_cy<4> (seq_/alu_/add_/Madd_o_data_cy<4>)
     MUXCY:CI->O           1   0.023   0.000  seq_/alu_/add_/Madd_o_data_cy<5> (seq_/alu_/add_/Madd_o_data_cy<5>)
     MUXCY:CI->O           1   0.023   0.000  seq_/alu_/add_/Madd_o_data_cy<6> (seq_/alu_/add_/Madd_o_data_cy<6>)
     MUXCY:CI->O           1   0.023   0.000  seq_/alu_/add_/Madd_o_data_cy<7> (seq_/alu_/add_/Madd_o_data_cy<7>)
     MUXCY:CI->O           1   0.023   0.000  seq_/alu_/add_/Madd_o_data_cy<8> (seq_/alu_/add_/Madd_o_data_cy<8>)
     MUXCY:CI->O           1   0.023   0.000  seq_/alu_/add_/Madd_o_data_cy<9> (seq_/alu_/add_/Madd_o_data_cy<9>)
     MUXCY:CI->O           1   0.023   0.000  seq_/alu_/add_/Madd_o_data_cy<10> (seq_/alu_/add_/Madd_o_data_cy<10>)
     MUXCY:CI->O           1   0.023   0.000  seq_/alu_/add_/Madd_o_data_cy<11> (seq_/alu_/add_/Madd_o_data_cy<11>)
     MUXCY:CI->O           1   0.023   0.000  seq_/alu_/add_/Madd_o_data_cy<12> (seq_/alu_/add_/Madd_o_data_cy<12>)
     MUXCY:CI->O           1   0.023   0.000  seq_/alu_/add_/Madd_o_data_cy<13> (seq_/alu_/add_/Madd_o_data_cy<13>)
     MUXCY:CI->O           0   0.023   0.000  seq_/alu_/add_/Madd_o_data_cy<14> (seq_/alu_/add_/Madd_o_data_cy<14>)
     XORCY:CI->O           4   0.370   0.309  seq_/alu_/add_/Madd_o_data_xor<15> (seq_/alu_/add_data<15>)
     LUT6:I5->O            1   0.097   0.000  seq_/rf_/Mmux_rf[0][15]_i_wdata[15]_mux_5_OUT71 (seq_/rf_/rf[0][15]_i_wdata[15]_mux_5_OUT<15>)
     FDRE:D                    0.008          seq_/rf_/rf_3_63
    ----------------------------------------
    Total                      3.116ns (1.705ns logic, 1.411ns route)
                                       (54.7% logic, 45.3% route)

=========================================================================
Timing constraint: Default OFFSET IN BEFORE for Clock 'clk'
  Total number of paths / destination ports: 11 / 11
-------------------------------------------------------------------------
Offset:              0.633ns (Levels of Logic = 1)
  Source:            btnR (PAD)
  Destination:       arst_ff_0 (FF)
  Destination Clock: clk rising

  Data Path: btnR to arst_ff_0
                                Gate     Net
    Cell:in->out      fanout   Delay   Delay  Logical Name (Net Name)
    ----------------------------------------  ------------
     IBUF:I->O             2   0.001   0.283  btnR_IBUF (btnR_IBUF)
     FDP:PRE                   0.349          arst_ff_0
    ----------------------------------------
    Total                      0.633ns (0.350ns logic, 0.283ns route)
                                       (55.2% logic, 44.8% route)

=========================================================================
Timing constraint: Default OFFSET OUT AFTER for Clock 'clk'
  Total number of paths / destination ports: 9 / 9
-------------------------------------------------------------------------
Offset:              0.645ns (Levels of Logic = 1)
  Source:            inst_cnt_7 (FF)
  Destination:       led<7> (PAD)
  Source Clock:      clk rising

  Data Path: inst_cnt_7 to led<7>
                                Gate     Net
    Cell:in->out      fanout   Delay   Delay  Logical Name (Net Name)
    ----------------------------------------  ------------
     FDRE:C->Q             2   0.361   0.283  inst_cnt_7 (inst_cnt_7)
     OBUF:I->O                 0.000          led_7_OBUF (led<7>)
    ----------------------------------------
    Total                      0.645ns (0.361ns logic, 0.283ns route)
                                       (56.0% logic, 44.0% route)

=========================================================================

Cross Clock Domains Report:
--------------------------

Clock to Setup on destination clock clk
---------------+---------+---------+---------+---------+
               | Src:Rise| Src:Fall| Src:Rise| Src:Fall|
Source Clock   |Dest:Rise|Dest:Rise|Dest:Fall|Dest:Fall|
---------------+---------+---------+---------+---------+
clk            |    3.116|         |         |         |
---------------+---------+---------+---------+---------+

=========================================================================


Total REAL time to Xst completion: 7.00 secs
Total CPU time to Xst completion: 7.48 secs
 
--> 

Total memory usage is 270724 kilobytes

Number of errors   :    0 (   0 filtered)
Number of warnings :   66 (   0 filtered)
Number of infos    :    9 (   0 filtered)

