Command line:
   cheat_fp_mult_tb_isim_beh.exe
     -simmode  gui
     -simrunnum  0
     -socket  59610

Mon Mar 11 00:36:16 2019


 Elaboration Time: 0.06 sec

 Current Memory Usage: 198.578 Meg

 Total Signals          : 24
 Total Nets             : 174
 Total Signal Drivers   : 11
 Total Blocks           : 4
 Total Primitive Blocks : 2
 Total Processes        : 19
 Total Traceable Variables  : 35
 Total Scalar Nets and Variables : 471
In process cheat_fp_mult.vCont_32_0 
 FATAL ERROR:ISim: This application has discovered an exceptional condition from which it cannot recover. Process will terminate. To search for possible resolutions to this issue, refer to the Xilinx answer database by going to http://www.xilinx.com/support/answers/index.htm and search with keywords 'ISim' and 'FATAL ERROR'. For technical support on this issue, please open a WebCase with this project attached at http://www.xilinx.com/support.

 Total Simulation Time: 0.07 sec

 Current Memory Usage: 276.181 Meg

Mon Mar 11 00:37:05 2019

