Release 14.6 - xst P.68d (nt64)
Copyright (c) 1995-2013 Xilinx, Inc.  All rights reserved.
--> Parameter TMPDIR set to xst/projnav.tmp


Total REAL time to Xst completion: 0.00 secs
Total CPU time to Xst completion: 0.12 secs
 
--> Parameter xsthdpdir set to xst


Total REAL time to Xst completion: 0.00 secs
Total CPU time to Xst completion: 0.12 secs
 
--> Reading design: stopwatch.prj

TABLE OF CONTENTS
  1) Synthesis Options Summary
  2) HDL Parsing
  3) HDL Elaboration
  4) HDL Synthesis
       4.1) HDL Synthesis Report
  5) Advanced HDL Synthesis
       5.1) Advanced HDL Synthesis Report
  6) Low Level Synthesis
  7) Partition Report
  8) Design Summary
       8.1) Primitive and Black Box Usage
       8.2) Device utilization summary
       8.3) Partition Resource Summary
       8.4) Timing Report
            8.4.1) Clock Information
            8.4.2) Asynchronous Control Signals Information
            8.4.3) Timing Summary
            8.4.4) Timing Details
            8.4.5) Cross Clock Domains Report


=========================================================================
*                      Synthesis Options Summary                        *
=========================================================================
---- Source Parameters
Input File Name                    : "stopwatch.prj"
Ignore Synthesis Constraint File   : NO

---- Target Parameters
Output File Name                   : "stopwatch"
Output Format                      : NGC
Target Device                      : xc6slx16-3-csg324

---- Source Options
Top Module Name                    : stopwatch
Automatic FSM Extraction           : YES
FSM Encoding Algorithm             : Auto
Safe Implementation                : No
FSM Style                          : LUT
RAM Extraction                     : Yes
RAM Style                          : Auto
ROM Extraction                     : Yes
Shift Register Extraction          : YES
ROM Style                          : Auto
Resource Sharing                   : YES
Asynchronous To Synchronous        : NO
Shift Register Minimum Size        : 2
Use DSP Block                      : Auto
Automatic Register Balancing       : No

---- Target Options
LUT Combining                      : Auto
Reduce Control Sets                : Auto
Add IO Buffers                     : YES
Global Maximum Fanout              : 100000
Add Generic Clock Buffer(BUFG)     : 16
Register Duplication               : YES
Optimize Instantiated Primitives   : NO
Use Clock Enable                   : Auto
Use Synchronous Set                : Auto
Use Synchronous Reset              : Auto
Pack IO Registers into IOBs        : Auto
Equivalent register Removal        : YES

---- General Options
Optimization Goal                  : Speed
Optimization Effort                : 1
Power Reduction                    : NO
Keep Hierarchy                     : No
Netlist Hierarchy                  : As_Optimized
RTL Output                         : Yes
Global Optimization                : AllClockNets
Read Cores                         : YES
Write Timing Constraints           : NO
Cross Clock Analysis               : NO
Hierarchy Separator                : /
Bus Delimiter                      : <>
Case Specifier                     : Maintain
Slice Utilization Ratio            : 100
BRAM Utilization Ratio             : 100
DSP48 Utilization Ratio            : 100
Auto BRAM Packing                  : NO
Slice Utilization Ratio Delta      : 5

=========================================================================


=========================================================================
*                          HDL Parsing                                  *
=========================================================================
Analyzing Verilog file "C:\Users\152\CS-M152-A\lab3\stopwatch.v" into library work
Parsing module <top>.
ERROR:HDLCompiler:806 - "C:\Users\152\CS-M152-A\lab3\stopwatch.v" Line 38: Syntax error near "wire".
WARNING:HDLCompiler:1335 - "C:\Users\152\CS-M152-A\lab3\stopwatch.v" Line 27: Port seven_seg must not be declared to be an array
ERROR:HDLCompiler:939 - "C:\Users\152\CS-M152-A\lab3\stopwatch.v" Line 27: Single value range is not allowed in this mode of verilog
ERROR:HDLCompiler:598 - "C:\Users\152\CS-M152-A\lab3\stopwatch.v" Line 21: Module <top> ignored due to previous errors.
Parsing module <stopwatch>.
ERROR:HDLCompiler:69 - "C:\Users\152\CS-M152-A\lab3\stopwatch.v" Line 121: <rst> is not declared.
ERROR:HDLCompiler:69 - "C:\Users\152\CS-M152-A\lab3\stopwatch.v" Line 128: <sel> is not declared.
ERROR:HDLCompiler:69 - "C:\Users\152\CS-M152-A\lab3\stopwatch.v" Line 146: <sel> is not declared.
ERROR:HDLCompiler:598 - "C:\Users\152\CS-M152-A\lab3\stopwatch.v" Line 54: Module <stopwatch> ignored due to previous errors.
Parsing module <debouncer>.
ERROR:HDLCompiler:598 - "C:\Users\152\CS-M152-A\lab3\stopwatch.v" Line 168: Module <debouncer> ignored due to previous errors.
Parsing module <clk_div>.
ERROR:HDLCompiler:598 - "C:\Users\152\CS-M152-A\lab3\stopwatch.v" Line 197: Module <clk_div> ignored due to previous errors.
Parsing module <seven_seg_display>.
ERROR:HDLCompiler:661 - "C:\Users\152\CS-M152-A\lab3\stopwatch.v" Line 310: Non-net port number cannot be of mode input
ERROR:HDLCompiler:598 - "C:\Users\152\CS-M152-A\lab3\stopwatch.v" Line 309: Module <seven_seg_display> ignored due to previous errors.
Verilog file C:\Users\152\CS-M152-A\lab3\stopwatch.v ignored due to errors
--> 

Total memory usage is 204632 kilobytes

Number of errors   :   11 (   0 filtered)
Number of warnings :    1 (   0 filtered)
Number of infos    :    0 (   0 filtered)

