
****** PlanAhead v14.6 (64-bit)
  **** Build 269223 by xbuild on Wed Jun  5 11:14:03 MDT 2013
    ** Copyright 1986-1999, 2001-2012 Xilinx, Inc. All Rights Reserved.

INFO: [Common 17-78] Attempting to get a license: PlanAhead
INFO: [Common 17-290] Got license for PlanAhead
INFO: [Common 17-86] Your PlanAhead license expires in -1669 day(s)
INFO: [Device 21-36] Loading parts and site information from C:/Xilinx/14.6/ISE_DS/PlanAhead/data/parts/arch.xml
Parsing RTL primitives file [C:/Xilinx/14.6/ISE_DS/PlanAhead/data/parts/xilinx/rtl/prims/rtl_prims.xml]
Finished parsing RTL primitives file [C:/Xilinx/14.6/ISE_DS/PlanAhead/data/parts/xilinx/rtl/prims/rtl_prims.xml]
start_gui
source C:/Users/152/CS-M152-A/lab3/pa.fromNetlist.tcl
# create_project -name lab3 -dir "C:/Users/152/CS-M152-A/lab3/planAhead_run_1" -part xc6slx16csg324-3
create_project: Time (s): elapsed = 00:00:05 . Memory (MB): peak = 394.793 ; gain = 67.328
# set_property design_mode GateLvl [get_property srcset [current_run -impl]]
# set_property edif_top_file "C:/Users/152/CS-M152-A/lab3/stopwatch.ngc" [ get_property srcset [ current_run ] ]
# add_files -norecurse { {C:/Users/152/CS-M152-A/lab3} }
# set_property target_constrs_file "nexys3.ucf" [current_fileset -constrset]
Adding file 'C:/Users/152/CS-M152-A/lab3/nexys3.ucf' to fileset 'constrs_1'
# add_files [list {nexys3.ucf}] -fileset [get_property constrset [current_run]]
# link_design
Design is defaulting to srcset: sources_1
Design is defaulting to constrset: constrs_1
Design is defaulting to project part: xc6slx16csg324-3
Release 14.6 - ngc2edif P.68d (nt64)
Copyright (c) 1995-2013 Xilinx, Inc.  All rights reserved.
Reading design stopwatch.ngc ...
WARNING:NetListWriters:298 - No output is written to stopwatch.xncf, ignored.
Processing design ...
   Preping design's networks ...
   Preping design's macros ...
  finished :Prep
Writing EDIF netlist file stopwatch.edif ...
ngc2edif: Total memory usage is 78424 kilobytes

Parsing EDIF File [./planAhead_run_1/lab3.data/cache/stopwatch_ngc_zx.edif]
Finished Parsing EDIF File [./planAhead_run_1/lab3.data/cache/stopwatch_ngc_zx.edif]
INFO: [Netlist 29-17] Analyzing 1 Unisim elements for replacement
INFO: [Netlist 29-28] Unisim Transformation completed in 0 CPU seconds
Loading clock regions from C:/Xilinx/14.6/ISE_DS/PlanAhead/data\parts/xilinx/spartan6/spartan6lx/xc6slx16/ClockRegion.xml
Loading clock buffers from C:/Xilinx/14.6/ISE_DS/PlanAhead/data\parts/xilinx/spartan6/spartan6lx/xc6slx16/ClockBuffers.xml
Loading package pin functions from C:/Xilinx/14.6/ISE_DS/PlanAhead/data\parts/xilinx/spartan6/PinFunctions.xml...
Loading package from C:/Xilinx/14.6/ISE_DS/PlanAhead/data\parts/xilinx/spartan6/spartan6lx/xc6slx16/csg324/Package.xml
Loading io standards from C:/Xilinx/14.6/ISE_DS/PlanAhead/data\./parts/xilinx/spartan6/IOStandards.xml
Loading device configuration modes from C:/Xilinx/14.6/ISE_DS/PlanAhead/data\parts/xilinx/spartan6/ConfigModes.xml
Loading list of drcs for the architecture : C:/Xilinx/14.6/ISE_DS/PlanAhead/data\./parts/xilinx/spartan6/drc.xml
Parsing UCF File [C:/Users/152/CS-M152-A/lab3/nexys3.ucf]
CRITICAL WARNING: [Constraints 18-11] Could not find net or pin 'clk' [C:/Users/152/CS-M152-A/lab3/nexys3.ucf:7]
CRITICAL WARNING: [Constraints 18-11] Could not find net or pin 'clk' [C:/Users/152/CS-M152-A/lab3/nexys3.ucf:7]
CRITICAL WARNING: [Constraints 18-11] Could not find net 'clk' [C:/Users/152/CS-M152-A/lab3/nexys3.ucf:8]
CRITICAL WARNING: [Constraints 18-11] Could not find net or pin 'Led<0>' [C:/Users/152/CS-M152-A/lab3/nexys3.ucf:92]
CRITICAL WARNING: [Constraints 18-11] Could not find net or pin 'Led<0>' [C:/Users/152/CS-M152-A/lab3/nexys3.ucf:92]
CRITICAL WARNING: [Constraints 18-11] Could not find net or pin 'Led<1>' [C:/Users/152/CS-M152-A/lab3/nexys3.ucf:93]
CRITICAL WARNING: [Constraints 18-11] Could not find net or pin 'Led<1>' [C:/Users/152/CS-M152-A/lab3/nexys3.ucf:93]
CRITICAL WARNING: [Constraints 18-11] Could not find net or pin 'Led<2>' [C:/Users/152/CS-M152-A/lab3/nexys3.ucf:94]
CRITICAL WARNING: [Constraints 18-11] Could not find net or pin 'Led<2>' [C:/Users/152/CS-M152-A/lab3/nexys3.ucf:94]
CRITICAL WARNING: [Constraints 18-11] Could not find net or pin 'Led<3>' [C:/Users/152/CS-M152-A/lab3/nexys3.ucf:95]
CRITICAL WARNING: [Constraints 18-11] Could not find net or pin 'Led<3>' [C:/Users/152/CS-M152-A/lab3/nexys3.ucf:95]
CRITICAL WARNING: [Constraints 18-11] Could not find net or pin 'Led<4>' [C:/Users/152/CS-M152-A/lab3/nexys3.ucf:96]
CRITICAL WARNING: [Constraints 18-11] Could not find net or pin 'Led<4>' [C:/Users/152/CS-M152-A/lab3/nexys3.ucf:96]
CRITICAL WARNING: [Constraints 18-11] Could not find net or pin 'Led<5>' [C:/Users/152/CS-M152-A/lab3/nexys3.ucf:97]
CRITICAL WARNING: [Constraints 18-11] Could not find net or pin 'Led<5>' [C:/Users/152/CS-M152-A/lab3/nexys3.ucf:97]
CRITICAL WARNING: [Constraints 18-11] Could not find net or pin 'Led<6>' [C:/Users/152/CS-M152-A/lab3/nexys3.ucf:98]
CRITICAL WARNING: [Constraints 18-11] Could not find net or pin 'Led<6>' [C:/Users/152/CS-M152-A/lab3/nexys3.ucf:98]
CRITICAL WARNING: [Constraints 18-11] Could not find net or pin 'Led<7>' [C:/Users/152/CS-M152-A/lab3/nexys3.ucf:99]
CRITICAL WARNING: [Constraints 18-11] Could not find net or pin 'Led<7>' [C:/Users/152/CS-M152-A/lab3/nexys3.ucf:99]
CRITICAL WARNING: [Constraints 18-11] Could not find net or pin 'sw<0>' [C:/Users/152/CS-M152-A/lab3/nexys3.ucf:103]
CRITICAL WARNING: [Constraints 18-11] Could not find net or pin 'sw<0>' [C:/Users/152/CS-M152-A/lab3/nexys3.ucf:103]
CRITICAL WARNING: [Constraints 18-11] Could not find net or pin 'sw<1>' [C:/Users/152/CS-M152-A/lab3/nexys3.ucf:104]
CRITICAL WARNING: [Constraints 18-11] Could not find net or pin 'sw<1>' [C:/Users/152/CS-M152-A/lab3/nexys3.ucf:104]
CRITICAL WARNING: [Constraints 18-11] Could not find net or pin 'sw<2>' [C:/Users/152/CS-M152-A/lab3/nexys3.ucf:105]
CRITICAL WARNING: [Constraints 18-11] Could not find net or pin 'sw<2>' [C:/Users/152/CS-M152-A/lab3/nexys3.ucf:105]
CRITICAL WARNING: [Constraints 18-11] Could not find net or pin 'sw<3>' [C:/Users/152/CS-M152-A/lab3/nexys3.ucf:106]
CRITICAL WARNING: [Constraints 18-11] Could not find net or pin 'sw<3>' [C:/Users/152/CS-M152-A/lab3/nexys3.ucf:106]
CRITICAL WARNING: [Constraints 18-11] Could not find net or pin 'sw<4>' [C:/Users/152/CS-M152-A/lab3/nexys3.ucf:107]
CRITICAL WARNING: [Constraints 18-11] Could not find net or pin 'sw<4>' [C:/Users/152/CS-M152-A/lab3/nexys3.ucf:107]
CRITICAL WARNING: [Constraints 18-11] Could not find net or pin 'sw<5>' [C:/Users/152/CS-M152-A/lab3/nexys3.ucf:108]
CRITICAL WARNING: [Constraints 18-11] Could not find net or pin 'sw<5>' [C:/Users/152/CS-M152-A/lab3/nexys3.ucf:108]
CRITICAL WARNING: [Constraints 18-11] Could not find net or pin 'sw<6>' [C:/Users/152/CS-M152-A/lab3/nexys3.ucf:109]
CRITICAL WARNING: [Constraints 18-11] Could not find net or pin 'sw<6>' [C:/Users/152/CS-M152-A/lab3/nexys3.ucf:109]
CRITICAL WARNING: [Constraints 18-11] Could not find net or pin 'sw<7>' [C:/Users/152/CS-M152-A/lab3/nexys3.ucf:110]
CRITICAL WARNING: [Constraints 18-11] Could not find net or pin 'sw<7>' [C:/Users/152/CS-M152-A/lab3/nexys3.ucf:110]
CRITICAL WARNING: [Constraints 18-11] Could not find net or pin 'btnS' [C:/Users/152/CS-M152-A/lab3/nexys3.ucf:114]
CRITICAL WARNING: [Constraints 18-11] Could not find net or pin 'btnS' [C:/Users/152/CS-M152-A/lab3/nexys3.ucf:114]
CRITICAL WARNING: [Constraints 18-11] Could not find net or pin 'btn1' [C:/Users/152/CS-M152-A/lab3/nexys3.ucf:115]
CRITICAL WARNING: [Constraints 18-11] Could not find net or pin 'btn1' [C:/Users/152/CS-M152-A/lab3/nexys3.ucf:115]
CRITICAL WARNING: [Constraints 18-11] Could not find net or pin 'btnR' [C:/Users/152/CS-M152-A/lab3/nexys3.ucf:118]
CRITICAL WARNING: [Constraints 18-11] Could not find net or pin 'btnR' [C:/Users/152/CS-M152-A/lab3/nexys3.ucf:118]
CRITICAL WARNING: [Constraints 18-11] Could not find net or pin 'RsRx' [C:/Users/152/CS-M152-A/lab3/nexys3.ucf:220]
CRITICAL WARNING: [Constraints 18-11] Could not find net or pin 'RsRx' [C:/Users/152/CS-M152-A/lab3/nexys3.ucf:220]
CRITICAL WARNING: [Constraints 18-11] Could not find net or pin 'RsTx' [C:/Users/152/CS-M152-A/lab3/nexys3.ucf:221]
CRITICAL WARNING: [Constraints 18-11] Could not find net or pin 'RsTx' [C:/Users/152/CS-M152-A/lab3/nexys3.ucf:221]
Finished Parsing UCF File [C:/Users/152/CS-M152-A/lab3/nexys3.ucf]
CRITICAL WARNING: [Constraints 18-329] No definition for group 'sys_clk_pin', timing constraint is ignored [C:/Users/152/CS-M152-A/lab3/nexys3.ucf:9]
INFO: [Designutils 20-20] Invalid constraints found, use command 'write_ucf -constraints invalid <file>' to save all the invalid constraints to a file
INFO: [Project 1-111] Unisim Transformation Summary:
  A total of 1 instances were transformed.
  BUFGP => BUFGP (IBUF, BUFG): 1 instances

Phase 0 | Netlist Checksum: f00cc5c0
link_design: Time (s): elapsed = 00:00:22 . Memory (MB): peak = 575.586 ; gain = 176.602
exit
ERROR: [Common 17-39] 'stop_gui' failed due to earlier errors.
INFO: [Common 17-206] Exiting PlanAhead at Mon Feb 25 10:12:57 2019...
INFO: [Common 17-83] Releasing license: PlanAhead
